2026-07-12 19:21:33 | INFO     | ================================================================================
2026-07-12 19:21:33 | INFO     | Hospital Operations Analytics ETL Pipeline
2026-07-12 19:21:33 | INFO     | ================================================================================
2026-07-12 19:21:33 | INFO     | 
2026-07-12 19:21:33 | INFO     | Reading patients.csv
2026-07-12 19:21:33 | INFO     | Rows Read : 1,163
2026-07-12 19:21:33 | INFO     | Transforming Data...
2026-07-12 19:21:33 | INFO     | Validating Data...
2026-07-12 19:21:33 | INFO     | ======================================================================
2026-07-12 19:21:33 | INFO     | VALIDATING PATIENTS
2026-07-12 19:21:33 | INFO     | ======================================================================
2026-07-12 19:21:33 | INFO     | Validating columns : patients
2026-07-12 19:21:33 | INFO     | Checking Primary Key : Id
2026-07-12 19:21:33 | INFO     | Validating UUID columns
2026-07-12 19:21:33 | INFO     | Checking numeric columns
2026-07-12 19:21:33 | INFO     | patients validation passed.

2026-07-12 19:21:33 | INFO     | Loading into PostgreSQL...
2026-07-12 19:21:33 | INFO     | Truncating table: patients
2026-07-12 19:21:34 | INFO     | Loading patients
2026-07-12 19:21:34 | INFO     | Rows: 1,163
2026-07-12 19:21:34 | INFO     | patients loaded successfully.
2026-07-12 19:21:34 | INFO     | patients completed successfully in 0.39 seconds.
2026-07-12 19:21:34 | INFO     | 
2026-07-12 19:21:34 | INFO     | Reading organizations.csv
2026-07-12 19:21:34 | INFO     | Rows Read : 1,127
2026-07-12 19:21:34 | INFO     | Transforming Data...
2026-07-12 19:21:34 | INFO     | Validating Data...
2026-07-12 19:21:34 | INFO     | ======================================================================
2026-07-12 19:21:34 | INFO     | VALIDATING ORGANIZATIONS
2026-07-12 19:21:34 | INFO     | ======================================================================
2026-07-12 19:21:34 | INFO     | Validating columns : organizations
2026-07-12 19:21:34 | INFO     | Checking Primary Key : Id
2026-07-12 19:21:34 | INFO     | Validating UUID columns
2026-07-12 19:21:34 | INFO     | Checking numeric columns
2026-07-12 19:21:34 | INFO     | organizations validation passed.

2026-07-12 19:21:34 | INFO     | Loading into PostgreSQL...
2026-07-12 19:21:34 | INFO     | Truncating table: organizations
2026-07-12 19:21:34 | INFO     | Loading organizations
2026-07-12 19:21:34 | INFO     | Rows: 1,127
2026-07-12 19:21:34 | INFO     | organizations loaded successfully.
2026-07-12 19:21:34 | INFO     | organizations completed successfully in 0.18 seconds.
2026-07-12 19:21:34 | INFO     | 
2026-07-12 19:21:34 | INFO     | Reading providers.csv
2026-07-12 19:21:34 | INFO     | Rows Read : 5,056
2026-07-12 19:21:34 | INFO     | Transforming Data...
2026-07-12 19:21:34 | INFO     | Validating Data...
2026-07-12 19:21:34 | INFO     | ======================================================================
2026-07-12 19:21:34 | INFO     | VALIDATING PROVIDERS
2026-07-12 19:21:34 | INFO     | ======================================================================
2026-07-12 19:21:34 | INFO     | Validating columns : providers
2026-07-12 19:21:34 | INFO     | Checking Primary Key : Id
2026-07-12 19:21:34 | INFO     | Validating UUID columns
2026-07-12 19:21:34 | INFO     | providers validation passed.

2026-07-12 19:21:34 | INFO     | Loading into PostgreSQL...
2026-07-12 19:21:34 | INFO     | Truncating table: providers
2026-07-12 19:21:34 | INFO     | Loading providers
2026-07-12 19:21:34 | INFO     | Rows: 5,056
2026-07-12 19:21:35 | INFO     | providers loaded successfully.
2026-07-12 19:21:35 | INFO     | providers completed successfully in 0.71 seconds.
2026-07-12 19:21:35 | INFO     | 
2026-07-12 19:21:35 | INFO     | Reading payers.csv
2026-07-12 19:21:35 | INFO     | Rows Read : 10
2026-07-12 19:21:35 | INFO     | Transforming Data...
2026-07-12 19:21:35 | INFO     | Validating Data...
2026-07-12 19:21:35 | INFO     | ======================================================================
2026-07-12 19:21:35 | INFO     | VALIDATING PAYERS
2026-07-12 19:21:35 | INFO     | ======================================================================
2026-07-12 19:21:35 | INFO     | Validating columns : payers
2026-07-12 19:21:35 | INFO     | Checking Primary Key : Id
2026-07-12 19:21:35 | INFO     | Validating UUID columns
2026-07-12 19:21:35 | INFO     | Checking numeric columns
2026-07-12 19:21:35 | INFO     | payers validation passed.

2026-07-12 19:21:35 | INFO     | Loading into PostgreSQL...
2026-07-12 19:21:35 | INFO     | Truncating table: payers
2026-07-12 19:21:35 | INFO     | Loading payers
2026-07-12 19:21:35 | INFO     | Rows: 10
2026-07-12 19:21:35 | INFO     | payers loaded successfully.
2026-07-12 19:21:35 | INFO     | payers completed successfully in 0.05 seconds.
2026-07-12 19:21:35 | INFO     | 
2026-07-12 19:21:35 | INFO     | ==========================================================================================
2026-07-12 19:21:35 | INFO     | ETL EXECUTION SUMMARY
2026-07-12 19:21:35 | INFO     | ==========================================================================================
2026-07-12 19:21:35 | INFO     | Table                          Rows        Time(s)         Status
2026-07-12 19:21:35 | INFO     | ------------------------------------------------------------------------------------------
2026-07-12 19:21:35 | INFO     | patients                      1,163           0.39        SUCCESS
2026-07-12 19:21:35 | INFO     | organizations                 1,127           0.18        SUCCESS
2026-07-12 19:21:35 | INFO     | providers                     5,056           0.71        SUCCESS
2026-07-12 19:21:35 | INFO     | payers                           10           0.05        SUCCESS
2026-07-12 19:21:35 | INFO     | ------------------------------------------------------------------------------------------
2026-07-12 19:21:35 | INFO     | Tables Loaded : 4/4
2026-07-12 19:21:35 | INFO     | Failed Tables : 0
2026-07-12 19:21:35 | INFO     | Total Rows    : 7,356
2026-07-12 19:21:35 | INFO     | Total Time    : 1.34 sec
2026-07-12 19:21:35 | INFO     | ==========================================================================================
2026-07-12 19:21:35 | INFO     | 
2026-07-12 19:21:35 | INFO     | ETL Pipeline Finished Successfully.
