2026-07-12 19:18:17 | INFO     | ================================================================================
2026-07-12 19:18:17 | INFO     | Hospital Operations Analytics ETL Pipeline
2026-07-12 19:18:17 | INFO     | ================================================================================
2026-07-12 19:18:17 | INFO     | 
2026-07-12 19:18:17 | INFO     | Reading patients.csv
2026-07-12 19:18:17 | INFO     | Rows Read : 1,163
2026-07-12 19:18:17 | INFO     | Transforming Data...
2026-07-12 19:18:17 | INFO     | Validating Data...
2026-07-12 19:18:17 | INFO     | ======================================================================
2026-07-12 19:18:17 | INFO     | VALIDATING PATIENTS
2026-07-12 19:18:17 | INFO     | ======================================================================
2026-07-12 19:18:17 | INFO     | Validating columns : patients
2026-07-12 19:18:17 | INFO     | Checking Primary Key : Id
2026-07-12 19:18:17 | INFO     | Validating UUID columns
2026-07-12 19:18:17 | INFO     | Checking numeric columns
2026-07-12 19:18:17 | INFO     | patients validation passed.

2026-07-12 19:18:17 | INFO     | Loading into PostgreSQL...
2026-07-12 19:18:17 | INFO     | Truncating table: patients
2026-07-12 19:18:17 | INFO     | Loading patients
2026-07-12 19:18:17 | INFO     | Rows: 1,163
2026-07-12 19:18:17 | INFO     | patients loaded successfully.
2026-07-12 19:18:17 | INFO     | patients completed successfully in 0.40 seconds.
2026-07-12 19:18:17 | INFO     | 
2026-07-12 19:18:17 | INFO     | ==========================================================================================
2026-07-12 19:18:17 | INFO     | ETL EXECUTION SUMMARY
2026-07-12 19:18:17 | INFO     | ==========================================================================================
2026-07-12 19:18:17 | INFO     | Table                          Rows        Time(s)         Status
2026-07-12 19:18:17 | INFO     | ------------------------------------------------------------------------------------------
2026-07-12 19:18:17 | INFO     | patients                      1,163           0.40        SUCCESS
2026-07-12 19:18:17 | INFO     | ------------------------------------------------------------------------------------------
2026-07-12 19:18:17 | INFO     | Tables Loaded : 1/1
2026-07-12 19:18:17 | INFO     | Failed Tables : 0
2026-07-12 19:18:17 | INFO     | Total Rows    : 1,163
2026-07-12 19:18:17 | INFO     | Total Time    : 0.41 sec
2026-07-12 19:18:17 | INFO     | ==========================================================================================
2026-07-12 19:18:17 | INFO     | 
2026-07-12 19:18:17 | INFO     | ETL Pipeline Finished Successfully.
